[debug] [2023-01-16T06:30:27.389Z] ----------------------------------------------------------------------
[debug] [2023-01-16T06:30:27.391Z] Command:       /usr/local/bin/node /usr/local/bin/firebase deploy
[debug] [2023-01-16T06:30:27.392Z] CLI Version:   11.20.0
[debug] [2023-01-16T06:30:27.392Z] Platform:      darwin
[debug] [2023-01-16T06:30:27.392Z] Node Version:  v19.3.0
[debug] [2023-01-16T06:30:27.392Z] Time:          Mon Jan 16 2023 15:30:27 GMT+0900 (대한민국 표준시)
[debug] [2023-01-16T06:30:27.392Z] ----------------------------------------------------------------------
[debug] 
[debug] [2023-01-16T06:30:27.446Z] > command requires scopes: ["email","openid","https://www.googleapis.com/auth/cloudplatformprojects.readonly","https://www.googleapis.com/auth/firebase","https://www.googleapis.com/auth/cloud-platform"]
[debug] [2023-01-16T06:30:27.446Z] > authorizing via signed-in user (teikim98@gmail.com)
[debug] [2023-01-16T06:30:27.446Z] [iam] checking project zutomayonext for permissions ["firebase.projects.get","firebasehosting.sites.update"]
[debug] [2023-01-16T06:30:27.448Z] >>> [apiv2][query] POST https://cloudresourcemanager.googleapis.com/v1/projects/zutomayonext:testIamPermissions [none]
[debug] [2023-01-16T06:30:27.448Z] >>> [apiv2][(partial)header] POST https://cloudresourcemanager.googleapis.com/v1/projects/zutomayonext:testIamPermissions x-goog-quota-user=projects/zutomayonext
[debug] [2023-01-16T06:30:27.448Z] >>> [apiv2][body] POST https://cloudresourcemanager.googleapis.com/v1/projects/zutomayonext:testIamPermissions {"permissions":["firebase.projects.get","firebasehosting.sites.update"]}
[debug] [2023-01-16T06:30:28.275Z] <<< [apiv2][status] POST https://cloudresourcemanager.googleapis.com/v1/projects/zutomayonext:testIamPermissions 200
[debug] [2023-01-16T06:30:28.275Z] <<< [apiv2][body] POST https://cloudresourcemanager.googleapis.com/v1/projects/zutomayonext:testIamPermissions {"permissions":["firebase.projects.get","firebasehosting.sites.update"]}
[debug] [2023-01-16T06:30:28.276Z] >>> [apiv2][query] GET https://firebase.googleapis.com/v1beta1/projects/zutomayonext [none]
[debug] [2023-01-16T06:30:28.740Z] <<< [apiv2][status] GET https://firebase.googleapis.com/v1beta1/projects/zutomayonext 200
[debug] [2023-01-16T06:30:28.740Z] <<< [apiv2][body] GET https://firebase.googleapis.com/v1beta1/projects/zutomayonext {"projectId":"zutomayonext","projectNumber":"982282410154","displayName":"ZutomayoNext","name":"projects/zutomayonext","resources":{"hostingSite":"zutomayonext"},"state":"ACTIVE","etag":"1_0d25a8ff-6fc8-4ca5-b3c7-ff24631c6606"}
[debug] [2023-01-16T06:30:46.656Z] Error: Export encountered errors on following paths:
	/news/[id]
    at /Users/kyungbinkim/Desktop/SelfPortfolio/zutomayo/node_modules/next/dist/export/index.js:409:19
    at process.processTicksAndRejections (node:internal/process/task_queues:95:5)
    at async Span.traceAsyncFn (/Users/kyungbinkim/Desktop/SelfPortfolio/zutomayo/node_modules/next/dist/trace/trace.js:79:20)
    at async /Users/kyungbinkim/Desktop/SelfPortfolio/zutomayo/node_modules/next/dist/build/index.js:1345:21
    at async Span.traceAsyncFn (/Users/kyungbinkim/Desktop/SelfPortfolio/zutomayo/node_modules/next/dist/trace/trace.js:79:20)
    at async /Users/kyungbinkim/Desktop/SelfPortfolio/zutomayo/node_modules/next/dist/build/index.js:1205:17
    at async Span.traceAsyncFn (/Users/kyungbinkim/Desktop/SelfPortfolio/zutomayo/node_modules/next/dist/trace/trace.js:79:20)
    at async build (/Users/kyungbinkim/Desktop/SelfPortfolio/zutomayo/node_modules/next/dist/build/index.js:66:29)
    at async build (/usr/local/lib/node_modules/firebase-tools/lib/frameworks/next/index.js:50:5)
    at async prepareFrameworks (/usr/local/lib/node_modules/firebase-tools/lib/frameworks/index.js:246:93)
    at async deploy (/usr/local/lib/node_modules/firebase-tools/lib/deploy/index.js:53:13)
[error] 
[error] Error: An unexpected error has occurred.
[debug] [2023-01-16T06:31:37.031Z] ----------------------------------------------------------------------
[debug] [2023-01-16T06:31:37.034Z] Command:       /usr/local/bin/node /usr/local/bin/firebase serve
[debug] [2023-01-16T06:31:37.034Z] CLI Version:   11.20.0
[debug] [2023-01-16T06:31:37.034Z] Platform:      darwin
[debug] [2023-01-16T06:31:37.034Z] Node Version:  v19.3.0
[debug] [2023-01-16T06:31:37.035Z] Time:          Mon Jan 16 2023 15:31:37 GMT+0900 (대한민국 표준시)
[debug] [2023-01-16T06:31:37.035Z] ----------------------------------------------------------------------
[debug] 
[debug] [2023-01-16T06:31:37.157Z] > command requires scopes: ["email","openid","https://www.googleapis.com/auth/cloudplatformprojects.readonly","https://www.googleapis.com/auth/firebase","https://www.googleapis.com/auth/cloud-platform"]
[debug] [2023-01-16T06:31:37.157Z] > authorizing via signed-in user (teikim98@gmail.com)
[debug] [2023-01-16T06:31:37.157Z] [iam] checking project zutomayonext for permissions ["firebase.projects.get"]
[debug] [2023-01-16T06:31:37.160Z] >>> [apiv2][query] POST https://cloudresourcemanager.googleapis.com/v1/projects/zutomayonext:testIamPermissions [none]
[debug] [2023-01-16T06:31:37.160Z] >>> [apiv2][(partial)header] POST https://cloudresourcemanager.googleapis.com/v1/projects/zutomayonext:testIamPermissions x-goog-quota-user=projects/zutomayonext
[debug] [2023-01-16T06:31:37.160Z] >>> [apiv2][body] POST https://cloudresourcemanager.googleapis.com/v1/projects/zutomayonext:testIamPermissions {"permissions":["firebase.projects.get"]}
[debug] [2023-01-16T06:31:37.965Z] <<< [apiv2][status] POST https://cloudresourcemanager.googleapis.com/v1/projects/zutomayonext:testIamPermissions 200
[debug] [2023-01-16T06:31:37.965Z] <<< [apiv2][body] POST https://cloudresourcemanager.googleapis.com/v1/projects/zutomayonext:testIamPermissions {"permissions":["firebase.projects.get"]}
[debug] [2023-01-16T06:31:37.966Z] >>> [apiv2][query] GET https://firebase.googleapis.com/v1beta1/projects/zutomayonext [none]
[debug] [2023-01-16T06:31:38.475Z] <<< [apiv2][status] GET https://firebase.googleapis.com/v1beta1/projects/zutomayonext 200
[debug] [2023-01-16T06:31:38.475Z] <<< [apiv2][body] GET https://firebase.googleapis.com/v1beta1/projects/zutomayonext {"projectId":"zutomayonext","projectNumber":"982282410154","displayName":"ZutomayoNext","name":"projects/zutomayonext","resources":{"hostingSite":"zutomayonext"},"state":"ACTIVE","etag":"1_0d25a8ff-6fc8-4ca5-b3c7-ff24631c6606"}
[info] 
[info] === Serving from '/Users/kyungbinkim/Desktop/SelfPortfolio/zutomayo'...
[info] 
[debug] [2023-01-16T06:31:38.479Z] >>> [apiv2][query] GET https://firebase.googleapis.com/v1beta1/projects/zutomayonext [none]
[debug] [2023-01-16T06:31:38.782Z] <<< [apiv2][status] GET https://firebase.googleapis.com/v1beta1/projects/zutomayonext 200
[debug] [2023-01-16T06:31:38.783Z] <<< [apiv2][body] GET https://firebase.googleapis.com/v1beta1/projects/zutomayonext {"projectId":"zutomayonext","projectNumber":"982282410154","displayName":"ZutomayoNext","name":"projects/zutomayonext","resources":{"hostingSite":"zutomayonext"},"state":"ACTIVE","etag":"1_0d25a8ff-6fc8-4ca5-b3c7-ff24631c6606"}
[debug] [2023-01-16T06:31:43.460Z] >>> [apiv2][query] GET https://firebasehosting.googleapis.com/v1beta1/projects/zutomayonext/sites 
[debug] [2023-01-16T06:31:44.277Z] <<< [apiv2][status] GET https://firebasehosting.googleapis.com/v1beta1/projects/zutomayonext/sites 200
[debug] [2023-01-16T06:31:44.277Z] <<< [apiv2][body] GET https://firebasehosting.googleapis.com/v1beta1/projects/zutomayonext/sites {"sites":[{"name":"projects/zutomayonext/sites/zutomayonext","defaultUrl":"https://zutomayonext.web.app","type":"DEFAULT_SITE"}]}
[debug] [2023-01-16T06:31:44.277Z] >>> [apiv2][query] GET https://firebase.googleapis.com/v1beta1/projects/zutomayonext/webApps/-/config [none]
[debug] [2023-01-16T06:31:45.131Z] <<< [apiv2][status] GET https://firebase.googleapis.com/v1beta1/projects/zutomayonext/webApps/-/config 200
[debug] [2023-01-16T06:31:45.131Z] <<< [apiv2][body] GET https://firebase.googleapis.com/v1beta1/projects/zutomayonext/webApps/-/config {"projectId":"zutomayonext","storageBucket":"zutomayonext.appspot.com","apiKey":"AIzaSyCTW9fmb9gnGCeekpiPk3I_fPxkS6d197I","authDomain":"zutomayonext.firebaseapp.com","messagingSenderId":"982282410154"}
[info] i  hosting[zutomayonext]: Serving hosting files from: public {"metadata":{"emulator":{"name":"hosting"},"message":"Serving hosting files from: \u001b[1mpublic\u001b[22m"}}
[info] ✔  hosting[zutomayonext]: Local server: http://localhost:5000 {"metadata":{"emulator":{"name":"hosting"},"message":"Local server: \u001b[4m\u001b[1mhttp://localhost:5000\u001b[22m\u001b[24m"}}
[info] i  hosting: ::1 - - [16/Jan/2023:06:31:58 +0000] "GET / HTTP/1.1" 200 - "-" "Mozilla/5.0 (Macintosh; Intel Mac OS X 10_15_7) AppleWebKit/537.36 (KHTML, like Gecko) Chrome/108.0.0.0 Safari/537.36" {"metadata":{"emulator":{"name":"hosting"},"message":"::1 - - [16/Jan/2023:06:31:58 +0000] \"GET / HTTP/1.1\" 200 - \"-\" \"Mozilla/5.0 (Macintosh; Intel Mac OS X 10_15_7) AppleWebKit/537.36 (KHTML, like Gecko) Chrome/108.0.0.0 Safari/537.36\""}}
[debug] [2023-01-16T06:31:58.950Z] >>> [apiv2][query] GET https://www.gstatic.com/firebasejs/9.15.0/firebase-app-compat.js [none]
[debug] [2023-01-16T06:31:58.954Z] >>> [apiv2][query] GET https://www.gstatic.com/firebasejs/9.15.0/firebase-auth-compat.js [none]
[debug] [2023-01-16T06:31:58.958Z] >>> [apiv2][query] GET https://www.gstatic.com/firebasejs/9.15.0/firebase-database-compat.js [none]
[debug] [2023-01-16T06:31:58.960Z] >>> [apiv2][query] GET https://www.gstatic.com/firebasejs/9.15.0/firebase-firestore-compat.js [none]
[debug] [2023-01-16T06:31:58.962Z] >>> [apiv2][query] GET https://www.gstatic.com/firebasejs/9.15.0/firebase-functions-compat.js [none]
[debug] [2023-01-16T06:31:58.964Z] >>> [apiv2][query] GET https://www.gstatic.com/firebasejs/9.15.0/firebase-messaging-compat.js [none]
[debug] [2023-01-16T06:31:59.098Z] <<< [apiv2][status] GET https://www.gstatic.com/firebasejs/9.15.0/firebase-auth-compat.js 200
[debug] [2023-01-16T06:31:59.098Z] <<< [apiv2][body] GET https://www.gstatic.com/firebasejs/9.15.0/firebase-auth-compat.js [stream]
[debug] [2023-01-16T06:31:59.110Z] <<< [apiv2][status] GET https://www.gstatic.com/firebasejs/9.15.0/firebase-firestore-compat.js 200
[debug] [2023-01-16T06:31:59.110Z] <<< [apiv2][body] GET https://www.gstatic.com/firebasejs/9.15.0/firebase-firestore-compat.js [stream]
[debug] [2023-01-16T06:31:59.111Z] <<< [apiv2][status] GET https://www.gstatic.com/firebasejs/9.15.0/firebase-messaging-compat.js 200
[debug] [2023-01-16T06:31:59.111Z] <<< [apiv2][body] GET https://www.gstatic.com/firebasejs/9.15.0/firebase-messaging-compat.js [stream]
[info] i  hosting: ::1 - - [16/Jan/2023:06:31:59 +0000] "GET /__/firebase/9.15.0/firebase-messaging-compat.js HTTP/1.1" 200 9925 "http://localhost:5000/" "Mozilla/5.0 (Macintosh; Intel Mac OS X 10_15_7) AppleWebKit/537.36 (KHTML, like Gecko) Chrome/108.0.0.0 Safari/537.36" {"metadata":{"emulator":{"name":"hosting"},"message":"::1 - - [16/Jan/2023:06:31:59 +0000] \"GET /__/firebase/9.15.0/firebase-messaging-compat.js HTTP/1.1\" 200 9925 \"http://localhost:5000/\" \"Mozilla/5.0 (Macintosh; Intel Mac OS X 10_15_7) AppleWebKit/537.36 (KHTML, like Gecko) Chrome/108.0.0.0 Safari/537.36\""}}
[debug] [2023-01-16T06:31:59.117Z] <<< [apiv2][status] GET https://www.gstatic.com/firebasejs/9.15.0/firebase-database-compat.js 200
[debug] [2023-01-16T06:31:59.117Z] <<< [apiv2][body] GET https://www.gstatic.com/firebasejs/9.15.0/firebase-database-compat.js [stream]
[debug] [2023-01-16T06:31:59.119Z] >>> [apiv2][query] GET https://www.gstatic.com/firebasejs/9.15.0/firebase-storage-compat.js [none]
[debug] [2023-01-16T06:31:59.120Z] <<< [apiv2][status] GET https://www.gstatic.com/firebasejs/9.15.0/firebase-functions-compat.js 200
[debug] [2023-01-16T06:31:59.120Z] <<< [apiv2][body] GET https://www.gstatic.com/firebasejs/9.15.0/firebase-functions-compat.js [stream]
[info] i  hosting: ::1 - - [16/Jan/2023:06:31:59 +0000] "GET /__/firebase/9.15.0/firebase-functions-compat.js HTTP/1.1" 200 3225 "http://localhost:5000/" "Mozilla/5.0 (Macintosh; Intel Mac OS X 10_15_7) AppleWebKit/537.36 (KHTML, like Gecko) Chrome/108.0.0.0 Safari/537.36" {"metadata":{"emulator":{"name":"hosting"},"message":"::1 - - [16/Jan/2023:06:31:59 +0000] \"GET /__/firebase/9.15.0/firebase-functions-compat.js HTTP/1.1\" 200 3225 \"http://localhost:5000/\" \"Mozilla/5.0 (Macintosh; Intel Mac OS X 10_15_7) AppleWebKit/537.36 (KHTML, like Gecko) Chrome/108.0.0.0 Safari/537.36\""}}
[debug] [2023-01-16T06:31:59.128Z] >>> [apiv2][query] GET https://www.gstatic.com/firebasejs/9.15.0/firebase-analytics-compat.js [none]
[debug] [2023-01-16T06:31:59.131Z] <<< [apiv2][status] GET https://www.gstatic.com/firebasejs/9.15.0/firebase-app-compat.js 200
[debug] [2023-01-16T06:31:59.132Z] <<< [apiv2][body] GET https://www.gstatic.com/firebasejs/9.15.0/firebase-app-compat.js [stream]
[info] i  hosting: ::1 - - [16/Jan/2023:06:31:59 +0000] "GET /__/firebase/9.15.0/firebase-app-compat.js HTTP/1.1" 200 9258 "http://localhost:5000/" "Mozilla/5.0 (Macintosh; Intel Mac OS X 10_15_7) AppleWebKit/537.36 (KHTML, like Gecko) Chrome/108.0.0.0 Safari/537.36" {"metadata":{"emulator":{"name":"hosting"},"message":"::1 - - [16/Jan/2023:06:31:59 +0000] \"GET /__/firebase/9.15.0/firebase-app-compat.js HTTP/1.1\" 200 9258 \"http://localhost:5000/\" \"Mozilla/5.0 (Macintosh; Intel Mac OS X 10_15_7) AppleWebKit/537.36 (KHTML, like Gecko) Chrome/108.0.0.0 Safari/537.36\""}}
[info] i  hosting: ::1 - - [16/Jan/2023:06:31:59 +0000] "GET /__/firebase/9.15.0/firebase-auth-compat.js HTTP/1.1" 200 36285 "http://localhost:5000/" "Mozilla/5.0 (Macintosh; Intel Mac OS X 10_15_7) AppleWebKit/537.36 (KHTML, like Gecko) Chrome/108.0.0.0 Safari/537.36" {"metadata":{"emulator":{"name":"hosting"},"message":"::1 - - [16/Jan/2023:06:31:59 +0000] \"GET /__/firebase/9.15.0/firebase-auth-compat.js HTTP/1.1\" 200 36285 \"http://localhost:5000/\" \"Mozilla/5.0 (Macintosh; Intel Mac OS X 10_15_7) AppleWebKit/537.36 (KHTML, like Gecko) Chrome/108.0.0.0 Safari/537.36\""}}
[debug] [2023-01-16T06:31:59.146Z] >>> [apiv2][query] GET https://www.gstatic.com/firebasejs/9.15.0/firebase-remote-config-compat.js [none]
[debug] [2023-01-16T06:31:59.148Z] >>> [apiv2][query] GET https://www.gstatic.com/firebasejs/9.15.0/firebase-performance-compat.js [none]
[debug] [2023-01-16T06:31:59.156Z] <<< [apiv2][status] GET https://www.gstatic.com/firebasejs/9.15.0/firebase-storage-compat.js 200
[debug] [2023-01-16T06:31:59.156Z] <<< [apiv2][body] GET https://www.gstatic.com/firebasejs/9.15.0/firebase-storage-compat.js [stream]
[debug] [2023-01-16T06:31:59.170Z] <<< [apiv2][status] GET https://www.gstatic.com/firebasejs/9.15.0/firebase-analytics-compat.js 200
[debug] [2023-01-16T06:31:59.170Z] <<< [apiv2][body] GET https://www.gstatic.com/firebasejs/9.15.0/firebase-analytics-compat.js [stream]
[info] i  hosting: ::1 - - [16/Jan/2023:06:31:59 +0000] "GET /__/firebase/9.15.0/firebase-database-compat.js HTTP/1.1" 200 47877 "http://localhost:5000/" "Mozilla/5.0 (Macintosh; Intel Mac OS X 10_15_7) AppleWebKit/537.36 (KHTML, like Gecko) Chrome/108.0.0.0 Safari/537.36" {"metadata":{"emulator":{"name":"hosting"},"message":"::1 - - [16/Jan/2023:06:31:59 +0000] \"GET /__/firebase/9.15.0/firebase-database-compat.js HTTP/1.1\" 200 47877 \"http://localhost:5000/\" \"Mozilla/5.0 (Macintosh; Intel Mac OS X 10_15_7) AppleWebKit/537.36 (KHTML, like Gecko) Chrome/108.0.0.0 Safari/537.36\""}}
[info] i  hosting: ::1 - - [16/Jan/2023:06:31:59 +0000] "GET /__/firebase/9.15.0/firebase-analytics-compat.js HTTP/1.1" 200 8987 "http://localhost:5000/" "Mozilla/5.0 (Macintosh; Intel Mac OS X 10_15_7) AppleWebKit/537.36 (KHTML, like Gecko) Chrome/108.0.0.0 Safari/537.36" {"metadata":{"emulator":{"name":"hosting"},"message":"::1 - - [16/Jan/2023:06:31:59 +0000] \"GET /__/firebase/9.15.0/firebase-analytics-compat.js HTTP/1.1\" 200 8987 \"http://localhost:5000/\" \"Mozilla/5.0 (Macintosh; Intel Mac OS X 10_15_7) AppleWebKit/537.36 (KHTML, like Gecko) Chrome/108.0.0.0 Safari/537.36\""}}
[debug] [2023-01-16T06:31:59.190Z] <<< [apiv2][status] GET https://www.gstatic.com/firebasejs/9.15.0/firebase-remote-config-compat.js 200
[debug] [2023-01-16T06:31:59.190Z] <<< [apiv2][body] GET https://www.gstatic.com/firebasejs/9.15.0/firebase-remote-config-compat.js [stream]
[debug] [2023-01-16T06:31:59.194Z] <<< [apiv2][status] GET https://www.gstatic.com/firebasejs/9.15.0/firebase-performance-compat.js 200
[debug] [2023-01-16T06:31:59.194Z] <<< [apiv2][body] GET https://www.gstatic.com/firebasejs/9.15.0/firebase-performance-compat.js [stream]
[info] i  hosting: ::1 - - [16/Jan/2023:06:31:59 +0000] "GET /__/firebase/9.15.0/firebase-storage-compat.js HTTP/1.1" 200 39372 "http://localhost:5000/" "Mozilla/5.0 (Macintosh; Intel Mac OS X 10_15_7) AppleWebKit/537.36 (KHTML, like Gecko) Chrome/108.0.0.0 Safari/537.36" {"metadata":{"emulator":{"name":"hosting"},"message":"::1 - - [16/Jan/2023:06:31:59 +0000] \"GET /__/firebase/9.15.0/firebase-storage-compat.js HTTP/1.1\" 200 39372 \"http://localhost:5000/\" \"Mozilla/5.0 (Macintosh; Intel Mac OS X 10_15_7) AppleWebKit/537.36 (KHTML, like Gecko) Chrome/108.0.0.0 Safari/537.36\""}}
[info] i  hosting: ::1 - - [16/Jan/2023:06:31:59 +0000] "GET /__/firebase/9.15.0/firebase-remote-config-compat.js HTTP/1.1" 200 27216 "http://localhost:5000/" "Mozilla/5.0 (Macintosh; Intel Mac OS X 10_15_7) AppleWebKit/537.36 (KHTML, like Gecko) Chrome/108.0.0.0 Safari/537.36" {"metadata":{"emulator":{"name":"hosting"},"message":"::1 - - [16/Jan/2023:06:31:59 +0000] \"GET /__/firebase/9.15.0/firebase-remote-config-compat.js HTTP/1.1\" 200 27216 \"http://localhost:5000/\" \"Mozilla/5.0 (Macintosh; Intel Mac OS X 10_15_7) AppleWebKit/537.36 (KHTML, like Gecko) Chrome/108.0.0.0 Safari/537.36\""}}
[info] i  hosting: ::1 - - [16/Jan/2023:06:31:59 +0000] "GET /__/firebase/init.js?useEmulator=true HTTP/1.1" 200 - "http://localhost:5000/" "Mozilla/5.0 (Macintosh; Intel Mac OS X 10_15_7) AppleWebKit/537.36 (KHTML, like Gecko) Chrome/108.0.0.0 Safari/537.36" {"metadata":{"emulator":{"name":"hosting"},"message":"::1 - - [16/Jan/2023:06:31:59 +0000] \"GET /__/firebase/init.js?useEmulator=true HTTP/1.1\" 200 - \"http://localhost:5000/\" \"Mozilla/5.0 (Macintosh; Intel Mac OS X 10_15_7) AppleWebKit/537.36 (KHTML, like Gecko) Chrome/108.0.0.0 Safari/537.36\""}}
[info] i  hosting: ::1 - - [16/Jan/2023:06:31:59 +0000] "GET /__/firebase/9.15.0/firebase-performance-compat.js HTTP/1.1" 200 30748 "http://localhost:5000/" "Mozilla/5.0 (Macintosh; Intel Mac OS X 10_15_7) AppleWebKit/537.36 (KHTML, like Gecko) Chrome/108.0.0.0 Safari/537.36" {"metadata":{"emulator":{"name":"hosting"},"message":"::1 - - [16/Jan/2023:06:31:59 +0000] \"GET /__/firebase/9.15.0/firebase-performance-compat.js HTTP/1.1\" 200 30748 \"http://localhost:5000/\" \"Mozilla/5.0 (Macintosh; Intel Mac OS X 10_15_7) AppleWebKit/537.36 (KHTML, like Gecko) Chrome/108.0.0.0 Safari/537.36\""}}
[info] i  hosting: ::1 - - [16/Jan/2023:06:31:59 +0000] "GET /__/firebase/9.15.0/firebase-firestore-compat.js HTTP/1.1" 200 319571 "http://localhost:5000/" "Mozilla/5.0 (Macintosh; Intel Mac OS X 10_15_7) AppleWebKit/537.36 (KHTML, like Gecko) Chrome/108.0.0.0 Safari/537.36" {"metadata":{"emulator":{"name":"hosting"},"message":"::1 - - [16/Jan/2023:06:31:59 +0000] \"GET /__/firebase/9.15.0/firebase-firestore-compat.js HTTP/1.1\" 200 319571 \"http://localhost:5000/\" \"Mozilla/5.0 (Macintosh; Intel Mac OS X 10_15_7) AppleWebKit/537.36 (KHTML, like Gecko) Chrome/108.0.0.0 Safari/537.36\""}}
[info] i  hosting: ::1 - - [16/Jan/2023:06:31:59 +0000] "GET /favicon.ico HTTP/1.1" 200 - "http://localhost:5000/" "Mozilla/5.0 (Macintosh; Intel Mac OS X 10_15_7) AppleWebKit/537.36 (KHTML, like Gecko) Chrome/108.0.0.0 Safari/537.36" {"metadata":{"emulator":{"name":"hosting"},"message":"::1 - - [16/Jan/2023:06:31:59 +0000] \"GET /favicon.ico HTTP/1.1\" 200 - \"http://localhost:5000/\" \"Mozilla/5.0 (Macintosh; Intel Mac OS X 10_15_7) AppleWebKit/537.36 (KHTML, like Gecko) Chrome/108.0.0.0 Safari/537.36\""}}
[debug] [2023-01-16T06:33:30.219Z] ----------------------------------------------------------------------
[debug] [2023-01-16T06:33:30.222Z] Command:       /usr/local/bin/node /usr/local/bin/firebase deploy
[debug] [2023-01-16T06:33:30.222Z] CLI Version:   11.20.0
[debug] [2023-01-16T06:33:30.222Z] Platform:      darwin
[debug] [2023-01-16T06:33:30.223Z] Node Version:  v19.3.0
[debug] [2023-01-16T06:33:30.223Z] Time:          Mon Jan 16 2023 15:33:30 GMT+0900 (대한민국 표준시)
[debug] [2023-01-16T06:33:30.223Z] ----------------------------------------------------------------------
[debug] 
[debug] [2023-01-16T06:33:30.286Z] > command requires scopes: ["email","openid","https://www.googleapis.com/auth/cloudplatformprojects.readonly","https://www.googleapis.com/auth/firebase","https://www.googleapis.com/auth/cloud-platform"]
[debug] [2023-01-16T06:33:30.287Z] > authorizing via signed-in user (teikim98@gmail.com)
[debug] [2023-01-16T06:33:30.287Z] [iam] checking project zutomayonext for permissions ["firebase.projects.get","firebasehosting.sites.update"]
[debug] [2023-01-16T06:33:30.289Z] >>> [apiv2][query] POST https://cloudresourcemanager.googleapis.com/v1/projects/zutomayonext:testIamPermissions [none]
[debug] [2023-01-16T06:33:30.289Z] >>> [apiv2][(partial)header] POST https://cloudresourcemanager.googleapis.com/v1/projects/zutomayonext:testIamPermissions x-goog-quota-user=projects/zutomayonext
[debug] [2023-01-16T06:33:30.289Z] >>> [apiv2][body] POST https://cloudresourcemanager.googleapis.com/v1/projects/zutomayonext:testIamPermissions {"permissions":["firebase.projects.get","firebasehosting.sites.update"]}
[debug] [2023-01-16T06:33:31.228Z] <<< [apiv2][status] POST https://cloudresourcemanager.googleapis.com/v1/projects/zutomayonext:testIamPermissions 200
[debug] [2023-01-16T06:33:31.228Z] <<< [apiv2][body] POST https://cloudresourcemanager.googleapis.com/v1/projects/zutomayonext:testIamPermissions {"permissions":["firebase.projects.get","firebasehosting.sites.update"]}
[debug] [2023-01-16T06:33:31.229Z] >>> [apiv2][query] GET https://firebase.googleapis.com/v1beta1/projects/zutomayonext [none]
[debug] [2023-01-16T06:33:31.649Z] <<< [apiv2][status] GET https://firebase.googleapis.com/v1beta1/projects/zutomayonext 200
[debug] [2023-01-16T06:33:31.649Z] <<< [apiv2][body] GET https://firebase.googleapis.com/v1beta1/projects/zutomayonext {"projectId":"zutomayonext","projectNumber":"982282410154","displayName":"ZutomayoNext","name":"projects/zutomayonext","resources":{"hostingSite":"zutomayonext"},"state":"ACTIVE","etag":"1_0d25a8ff-6fc8-4ca5-b3c7-ff24631c6606"}
[debug] [2023-01-16T06:33:42.894Z] Error: Export encountered errors on following paths:
	/news/[id]
    at /Users/kyungbinkim/Desktop/SelfPortfolio/zutomayo/node_modules/next/dist/export/index.js:409:19
    at process.processTicksAndRejections (node:internal/process/task_queues:95:5)
    at async Span.traceAsyncFn (/Users/kyungbinkim/Desktop/SelfPortfolio/zutomayo/node_modules/next/dist/trace/trace.js:79:20)
    at async /Users/kyungbinkim/Desktop/SelfPortfolio/zutomayo/node_modules/next/dist/build/index.js:1345:21
    at async Span.traceAsyncFn (/Users/kyungbinkim/Desktop/SelfPortfolio/zutomayo/node_modules/next/dist/trace/trace.js:79:20)
    at async /Users/kyungbinkim/Desktop/SelfPortfolio/zutomayo/node_modules/next/dist/build/index.js:1205:17
    at async Span.traceAsyncFn (/Users/kyungbinkim/Desktop/SelfPortfolio/zutomayo/node_modules/next/dist/trace/trace.js:79:20)
    at async build (/Users/kyungbinkim/Desktop/SelfPortfolio/zutomayo/node_modules/next/dist/build/index.js:66:29)
    at async build (/usr/local/lib/node_modules/firebase-tools/lib/frameworks/next/index.js:50:5)
    at async prepareFrameworks (/usr/local/lib/node_modules/firebase-tools/lib/frameworks/index.js:246:93)
    at async deploy (/usr/local/lib/node_modules/firebase-tools/lib/deploy/index.js:53:13)
[error] 
[error] Error: An unexpected error has occurred.
[debug] [2023-01-16T06:37:28.132Z] ----------------------------------------------------------------------
[debug] [2023-01-16T06:37:28.135Z] Command:       /usr/local/bin/node /usr/local/bin/firebase deploy
[debug] [2023-01-16T06:37:28.135Z] CLI Version:   11.20.0
[debug] [2023-01-16T06:37:28.135Z] Platform:      darwin
[debug] [2023-01-16T06:37:28.135Z] Node Version:  v19.3.0
[debug] [2023-01-16T06:37:28.136Z] Time:          Mon Jan 16 2023 15:37:28 GMT+0900 (대한민국 표준시)
[debug] [2023-01-16T06:37:28.136Z] ----------------------------------------------------------------------
[debug] 
[debug] [2023-01-16T06:37:28.199Z] > command requires scopes: ["email","openid","https://www.googleapis.com/auth/cloudplatformprojects.readonly","https://www.googleapis.com/auth/firebase","https://www.googleapis.com/auth/cloud-platform"]
[debug] [2023-01-16T06:37:28.199Z] > authorizing via signed-in user (teikim98@gmail.com)
[debug] [2023-01-16T06:37:28.200Z] [iam] checking project zutomayonext for permissions ["firebase.projects.get","firebasehosting.sites.update"]
[debug] [2023-01-16T06:37:28.202Z] >>> [apiv2][query] POST https://cloudresourcemanager.googleapis.com/v1/projects/zutomayonext:testIamPermissions [none]
[debug] [2023-01-16T06:37:28.202Z] >>> [apiv2][(partial)header] POST https://cloudresourcemanager.googleapis.com/v1/projects/zutomayonext:testIamPermissions x-goog-quota-user=projects/zutomayonext
[debug] [2023-01-16T06:37:28.202Z] >>> [apiv2][body] POST https://cloudresourcemanager.googleapis.com/v1/projects/zutomayonext:testIamPermissions {"permissions":["firebase.projects.get","firebasehosting.sites.update"]}
[debug] [2023-01-16T06:37:29.103Z] <<< [apiv2][status] POST https://cloudresourcemanager.googleapis.com/v1/projects/zutomayonext:testIamPermissions 200
[debug] [2023-01-16T06:37:29.103Z] <<< [apiv2][body] POST https://cloudresourcemanager.googleapis.com/v1/projects/zutomayonext:testIamPermissions {"permissions":["firebase.projects.get","firebasehosting.sites.update"]}
[debug] [2023-01-16T06:37:29.104Z] >>> [apiv2][query] GET https://firebase.googleapis.com/v1beta1/projects/zutomayonext [none]
[debug] [2023-01-16T06:37:29.609Z] <<< [apiv2][status] GET https://firebase.googleapis.com/v1beta1/projects/zutomayonext 200
[debug] [2023-01-16T06:37:29.609Z] <<< [apiv2][body] GET https://firebase.googleapis.com/v1beta1/projects/zutomayonext {"projectId":"zutomayonext","projectNumber":"982282410154","displayName":"ZutomayoNext","name":"projects/zutomayonext","resources":{"hostingSite":"zutomayonext"},"state":"ACTIVE","etag":"1_0d25a8ff-6fc8-4ca5-b3c7-ff24631c6606"}
[debug] [2023-01-16T06:37:39.562Z] Error: Export encountered errors on following paths:
	/news/[id]
    at /Users/kyungbinkim/Desktop/SelfPortfolio/zutomayo/node_modules/next/dist/export/index.js:409:19
    at process.processTicksAndRejections (node:internal/process/task_queues:95:5)
    at async Span.traceAsyncFn (/Users/kyungbinkim/Desktop/SelfPortfolio/zutomayo/node_modules/next/dist/trace/trace.js:79:20)
    at async /Users/kyungbinkim/Desktop/SelfPortfolio/zutomayo/node_modules/next/dist/build/index.js:1345:21
    at async Span.traceAsyncFn (/Users/kyungbinkim/Desktop/SelfPortfolio/zutomayo/node_modules/next/dist/trace/trace.js:79:20)
    at async /Users/kyungbinkim/Desktop/SelfPortfolio/zutomayo/node_modules/next/dist/build/index.js:1205:17
    at async Span.traceAsyncFn (/Users/kyungbinkim/Desktop/SelfPortfolio/zutomayo/node_modules/next/dist/trace/trace.js:79:20)
    at async build (/Users/kyungbinkim/Desktop/SelfPortfolio/zutomayo/node_modules/next/dist/build/index.js:66:29)
    at async build (/usr/local/lib/node_modules/firebase-tools/lib/frameworks/next/index.js:50:5)
    at async prepareFrameworks (/usr/local/lib/node_modules/firebase-tools/lib/frameworks/index.js:246:93)
    at async deploy (/usr/local/lib/node_modules/firebase-tools/lib/deploy/index.js:53:13)
[error] 
[error] Error: An unexpected error has occurred.
